<?xml version="1.0" encoding="UTF-8" ?>
<testsuite tests="4" failures="0" name="com.sample.mvc.controller.EmployeeEditControllerTest" time="0.019" errors="0" skipped="0">
  <properties>
    <property name="java.runtime.name" value="Java(TM) SE Runtime Environment"/>
    <property name="sun.boot.library.path" value="C:\Program Files\Java\jdk1.8.0_11\jre\bin"/>
    <property name="java.vm.version" value="25.11-b03"/>
    <property name="java.vm.vendor" value="Oracle Corporation"/>
    <property name="java.vendor.url" value="http://java.oracle.com/"/>
    <property name="path.separator" value=";"/>
    <property name="java.vm.name" value="Java HotSpot(TM) 64-Bit Server VM"/>
    <property name="file.encoding.pkg" value="sun.io"/>
    <property name="user.script" value=""/>
    <property name="user.country" value="US"/>
    <property name="sun.java.launcher" value="SUN_STANDARD"/>
    <property name="sun.os.patch.level" value="Service Pack 1"/>
    <property name="java.vm.specification.name" value="Java Virtual Machine Specification"/>
    <property name="user.dir" value="C:\Workspace\EmpployeeManagementSystem"/>
    <property name="java.runtime.version" value="1.8.0_11-b12"/>
    <property name="java.awt.graphicsenv" value="sun.awt.Win32GraphicsEnvironment"/>
    <property name="basedir" value="C:\Workspace\EmpployeeManagementSystem"/>
    <property name="java.endorsed.dirs" value="C:\Program Files\Java\jdk1.8.0_11\jre\lib\endorsed"/>
    <property name="os.arch" value="amd64"/>
    <property name="surefire.real.class.path" value="C:\Workspace\EmpployeeManagementSystem\target\clover\surefire\surefirebooter8247471789796437713.jar"/>
    <property name="java.io.tmpdir" value="C:\Users\ruchak\AppData\Local\Temp\"/>
    <property name="line.separator" value="
"/>
    <property name="java.vm.specification.vendor" value="Oracle Corporation"/>
    <property name="user.variant" value=""/>
    <property name="os.name" value="Windows 7"/>
    <property name="sun.jnu.encoding" value="Cp1252"/>
    <property name="java.library.path" value="C:\Program Files\Java\jdk1.8.0_11\jre\bin;C:\Windows\Sun\Java\bin;C:\Windows\system32;C:\Windows;C:\Windows\system32;C:\Windows;C:\Windows\System32\Wbem;C:\Windows\System32\WindowsPowerShell\v1.0\;D:\apache-maven-3.0.3\bin;C:\Program Files\Java\jdk1.8.0_11\bin;C:\Program Files (x86)\Jenkins;D:\apache-maven-3.0.3\bin;;."/>
    <property name="surefire.test.class.path" value="C:\Workspace\EmpployeeManagementSystem\target\clover\test-classes;C:\Workspace\EmpployeeManagementSystem\target\clover\classes;C:\Users\ruchak\.m2\repository\commons-logging\commons-logging\1.2\commons-logging-1.2.jar;C:\Users\ruchak\.m2\repository\com\joseflavio\jfl\2013\jfl-2013.jar;C:\Users\ruchak\.m2\repository\commons-net\commons-net\3.3\commons-net-3.3.jar;C:\Users\ruchak\.m2\repository\javax\xml\bind\jaxb-api\2.2.11\jaxb-api-2.2.11.jar;C:\Users\ruchak\.m2\repository\org\eclipse\persistence\commonj.sdo\2.1.1\commonj.sdo-2.1.1.jar;C:\Users\ruchak\.m2\repository\commons-io\commons-io\2.4\commons-io-2.4.jar;C:\Users\ruchak\.m2\repository\javax\xml\stream\stax-api\1.0-2\stax-api-1.0-2.jar;C:\Users\ruchak\.m2\repository\org\apache\tomcat\servlet-api\6.0.39\servlet-api-6.0.39.jar;C:\Users\ruchak\.m2\repository\org\apache\tomcat\jsp-api\6.0.39\jsp-api-6.0.39.jar;C:\Users\ruchak\.m2\repository\org\apache\tomcat\el-api\6.0.39\el-api-6.0.39.jar;C:\Users\ruchak\.m2\repository\commons-fileupload\commons-fileupload\1.3.1\commons-fileupload-1.3.1.jar;C:\Users\ruchak\.m2\repository\commons-codec\commons-codec\1.9\commons-codec-1.9.jar;C:\Users\ruchak\.m2\repository\org\eclipse\persistence\org.eclipse.persistence.jpa\2.5.1\org.eclipse.persistence.jpa-2.5.1.jar;C:\Users\ruchak\.m2\repository\org\eclipse\persistence\javax.persistence\2.1.0\javax.persistence-2.1.0.jar;C:\Users\ruchak\.m2\repository\org\eclipse\persistence\org.eclipse.persistence.asm\2.5.1\org.eclipse.persistence.asm-2.5.1.jar;C:\Users\ruchak\.m2\repository\org\eclipse\persistence\org.eclipse.persistence.antlr\2.5.1\org.eclipse.persistence.antlr-2.5.1.jar;C:\Users\ruchak\.m2\repository\org\eclipse\persistence\org.eclipse.persistence.jpa.jpql\2.5.1\org.eclipse.persistence.jpa.jpql-2.5.1.jar;C:\Users\ruchak\.m2\repository\org\eclipse\persistence\org.eclipse.persistence.core\2.5.1\org.eclipse.persistence.core-2.5.1.jar;C:\Users\ruchak\.m2\repository\com\sun\xml\bind\jaxb-xjc\2.2.7\jaxb-xjc-2.2.7.jar;C:\Users\ruchak\.m2\repository\com\sun\xml\bind\jaxb-core\2.2.7\jaxb-core-2.2.7.jar;C:\Users\ruchak\.m2\repository\com\sun\istack\istack-commons-runtime\2.16\istack-commons-runtime-2.16.jar;C:\Users\ruchak\.m2\repository\log4j\log4j\1.2.17\log4j-1.2.17.jar;C:\Users\ruchak\.m2\repository\org\apache\commons\commons-email\1.3.2\commons-email-1.3.2.jar;C:\Users\ruchak\.m2\repository\javax\mail\mail\1.4.5\mail-1.4.5.jar;C:\Users\ruchak\.m2\repository\javax\activation\activation\1.1.1\activation-1.1.1.jar;C:\Users\ruchak\.m2\repository\jstl\jstl\1.2\jstl-1.2.jar;C:\Users\ruchak\.m2\repository\spring\spring\1.0.2\spring-1.0.2.jar;C:\Users\ruchak\.m2\repository\spring\spring-web\1.0.2\spring-web-1.0.2.jar;C:\Users\ruchak\.m2\repository\spring\spring-webmvc\1.0.2\spring-webmvc-1.0.2.jar;C:\Users\ruchak\.m2\repository\taglibs\standard\1.1.2\standard-1.1.2.jar;C:\Users\ruchak\.m2\repository\taglibs\string\1.1.0\string-1.1.0.jar;C:\Users\ruchak\.m2\repository\com\google\sitebricks\slf4j\0.8.3\slf4j-0.8.3.jar;C:\Users\ruchak\.m2\repository\com\google\inject\guice\2.0\guice-2.0.jar;C:\Users\ruchak\.m2\repository\aopalliance\aopalliance\1.0\aopalliance-1.0.jar;C:\Users\ruchak\.m2\repository\org\slf4j\slf4j-api\1.6.1\slf4j-api-1.6.1.jar;C:\Users\ruchak\.m2\repository\junit\junit\4.12-beta-3\junit-4.12-beta-3.jar;C:\Users\ruchak\.m2\repository\org\hamcrest\hamcrest-core\1.3\hamcrest-core-1.3.jar;C:\Users\ruchak\.m2\repository\com\cenqua\clover\clover\3.1.12\clover-3.1.12.jar;C:\Users\ruchak\AppData\Local\Temp\grover2957047779343081950.jar;"/>
    <property name="java.specification.name" value="Java Platform API Specification"/>
    <property name="java.class.version" value="52.0"/>
    <property name="sun.management.compiler" value="HotSpot 64-Bit Tiered Compilers"/>
    <property name="os.version" value="6.1"/>
    <property name="user.home" value="C:\Users\ruchak"/>
    <property name="user.timezone" value="Asia/Calcutta"/>
    <property name="java.awt.printerjob" value="sun.awt.windows.WPrinterJob"/>
    <property name="java.specification.version" value="1.8"/>
    <property name="file.encoding" value="Cp1252"/>
    <property name="user.name" value="ruchak"/>
    <property name="java.class.path" value="C:\Workspace\EmpployeeManagementSystem\target\clover\test-classes;C:\Workspace\EmpployeeManagementSystem\target\clover\classes;C:\Users\ruchak\.m2\repository\commons-logging\commons-logging\1.2\commons-logging-1.2.jar;C:\Users\ruchak\.m2\repository\com\joseflavio\jfl\2013\jfl-2013.jar;C:\Users\ruchak\.m2\repository\commons-net\commons-net\3.3\commons-net-3.3.jar;C:\Users\ruchak\.m2\repository\javax\xml\bind\jaxb-api\2.2.11\jaxb-api-2.2.11.jar;C:\Users\ruchak\.m2\repository\org\eclipse\persistence\commonj.sdo\2.1.1\commonj.sdo-2.1.1.jar;C:\Users\ruchak\.m2\repository\commons-io\commons-io\2.4\commons-io-2.4.jar;C:\Users\ruchak\.m2\repository\javax\xml\stream\stax-api\1.0-2\stax-api-1.0-2.jar;C:\Users\ruchak\.m2\repository\org\apache\tomcat\servlet-api\6.0.39\servlet-api-6.0.39.jar;C:\Users\ruchak\.m2\repository\org\apache\tomcat\jsp-api\6.0.39\jsp-api-6.0.39.jar;C:\Users\ruchak\.m2\repository\org\apache\tomcat\el-api\6.0.39\el-api-6.0.39.jar;C:\Users\ruchak\.m2\repository\commons-fileupload\commons-fileupload\1.3.1\commons-fileupload-1.3.1.jar;C:\Users\ruchak\.m2\repository\commons-codec\commons-codec\1.9\commons-codec-1.9.jar;C:\Users\ruchak\.m2\repository\org\eclipse\persistence\org.eclipse.persistence.jpa\2.5.1\org.eclipse.persistence.jpa-2.5.1.jar;C:\Users\ruchak\.m2\repository\org\eclipse\persistence\javax.persistence\2.1.0\javax.persistence-2.1.0.jar;C:\Users\ruchak\.m2\repository\org\eclipse\persistence\org.eclipse.persistence.asm\2.5.1\org.eclipse.persistence.asm-2.5.1.jar;C:\Users\ruchak\.m2\repository\org\eclipse\persistence\org.eclipse.persistence.antlr\2.5.1\org.eclipse.persistence.antlr-2.5.1.jar;C:\Users\ruchak\.m2\repository\org\eclipse\persistence\org.eclipse.persistence.jpa.jpql\2.5.1\org.eclipse.persistence.jpa.jpql-2.5.1.jar;C:\Users\ruchak\.m2\repository\org\eclipse\persistence\org.eclipse.persistence.core\2.5.1\org.eclipse.persistence.core-2.5.1.jar;C:\Users\ruchak\.m2\repository\com\sun\xml\bind\jaxb-xjc\2.2.7\jaxb-xjc-2.2.7.jar;C:\Users\ruchak\.m2\repository\com\sun\xml\bind\jaxb-core\2.2.7\jaxb-core-2.2.7.jar;C:\Users\ruchak\.m2\repository\com\sun\istack\istack-commons-runtime\2.16\istack-commons-runtime-2.16.jar;C:\Users\ruchak\.m2\repository\log4j\log4j\1.2.17\log4j-1.2.17.jar;C:\Users\ruchak\.m2\repository\org\apache\commons\commons-email\1.3.2\commons-email-1.3.2.jar;C:\Users\ruchak\.m2\repository\javax\mail\mail\1.4.5\mail-1.4.5.jar;C:\Users\ruchak\.m2\repository\javax\activation\activation\1.1.1\activation-1.1.1.jar;C:\Users\ruchak\.m2\repository\jstl\jstl\1.2\jstl-1.2.jar;C:\Users\ruchak\.m2\repository\spring\spring\1.0.2\spring-1.0.2.jar;C:\Users\ruchak\.m2\repository\spring\spring-web\1.0.2\spring-web-1.0.2.jar;C:\Users\ruchak\.m2\repository\spring\spring-webmvc\1.0.2\spring-webmvc-1.0.2.jar;C:\Users\ruchak\.m2\repository\taglibs\standard\1.1.2\standard-1.1.2.jar;C:\Users\ruchak\.m2\repository\taglibs\string\1.1.0\string-1.1.0.jar;C:\Users\ruchak\.m2\repository\com\google\sitebricks\slf4j\0.8.3\slf4j-0.8.3.jar;C:\Users\ruchak\.m2\repository\com\google\inject\guice\2.0\guice-2.0.jar;C:\Users\ruchak\.m2\repository\aopalliance\aopalliance\1.0\aopalliance-1.0.jar;C:\Users\ruchak\.m2\repository\org\slf4j\slf4j-api\1.6.1\slf4j-api-1.6.1.jar;C:\Users\ruchak\.m2\repository\junit\junit\4.12-beta-3\junit-4.12-beta-3.jar;C:\Users\ruchak\.m2\repository\org\hamcrest\hamcrest-core\1.3\hamcrest-core-1.3.jar;C:\Users\ruchak\.m2\repository\com\cenqua\clover\clover\3.1.12\clover-3.1.12.jar;C:\Users\ruchak\AppData\Local\Temp\grover2957047779343081950.jar;"/>
    <property name="java.vm.specification.version" value="1.8"/>
    <property name="sun.arch.data.model" value="64"/>
    <property name="java.home" value="C:\Program Files\Java\jdk1.8.0_11\jre"/>
    <property name="sun.java.command" value="C:\Workspace\EmpployeeManagementSystem\target\clover\surefire\surefirebooter8247471789796437713.jar C:\Workspace\EmpployeeManagementSystem\target\clover\surefire\surefire3949200321078191463tmp C:\Workspace\EmpployeeManagementSystem\target\clover\surefire\surefire4740271173602471997tmp"/>
    <property name="java.specification.vendor" value="Oracle Corporation"/>
    <property name="user.language" value="en"/>
    <property name="awt.toolkit" value="sun.awt.windows.WToolkit"/>
    <property name="java.vm.info" value="mixed mode"/>
    <property name="java.version" value="1.8.0_11"/>
    <property name="java.ext.dirs" value="C:\Program Files\Java\jdk1.8.0_11\jre\lib\ext;C:\Windows\Sun\Java\lib\ext"/>
    <property name="sun.boot.class.path" value="C:\Program Files\Java\jdk1.8.0_11\jre\lib\resources.jar;C:\Program Files\Java\jdk1.8.0_11\jre\lib\rt.jar;C:\Program Files\Java\jdk1.8.0_11\jre\lib\sunrsasign.jar;C:\Program Files\Java\jdk1.8.0_11\jre\lib\jsse.jar;C:\Program Files\Java\jdk1.8.0_11\jre\lib\jce.jar;C:\Program Files\Java\jdk1.8.0_11\jre\lib\charsets.jar;C:\Program Files\Java\jdk1.8.0_11\jre\lib\jfr.jar;C:\Program Files\Java\jdk1.8.0_11\jre\classes"/>
    <property name="java.vendor" value="Oracle Corporation"/>
    <property name="localRepository" value="C:\Users\ruchak\.m2\repository"/>
    <property name="file.separator" value="\"/>
    <property name="java.vendor.url.bug" value="http://bugreport.sun.com/bugreport/"/>
    <property name="sun.cpu.endian" value="little"/>
    <property name="sun.io.unicode.encoding" value="UnicodeLittle"/>
    <property name="sun.desktop" value="windows"/>
    <property name="sun.cpu.isalist" value="amd64"/>
  </properties>
  <testcase classname="com.sample.mvc.controller.EmployeeEditControllerTest" name="testOnsubmit" time="0.008"/>
  <testcase classname="com.sample.mvc.controller.EmployeeEditControllerTest" name="testEmployeeEditControllerTrue" time="0.002"/>
  <testcase classname="com.sample.mvc.controller.EmployeeEditControllerTest" name="testOnsubmitCode" time="0.002"/>
  <testcase classname="com.sample.mvc.controller.EmployeeEditControllerTest" name="testSetEmployeeService" time="0.001"/>
</testsuite>